<?xml version="1.0" encoding="UTF-8"?>
<testng-results ignored="0" total="2" passed="2" failed="0" skipped="0">
  <reporter-output>
  </reporter-output>
  <suite started-at="2023-05-02T18:33:50 EEST" name="WPT" finished-at="2023-05-02T18:34:12 EEST" duration-ms="22860">
    <groups>
      <group name="test1">
        <method signature="Full_Page.mainCode(java.lang.String,java.lang.String,java.lang.String)[pri:0, instance:CreateAccount_Page.En.Full_Page@175b9425]" name="mainCode" class="CreateAccount_Page.En.Full_Page"/>
        <method signature="TestNg.case_1(java.lang.String)[pri:0, instance:Main.TestNg@399c4be1]" name="case_1" class="Main.TestNg"/>
      </group> <!-- test1 -->
    </groups>
    <test started-at="2023-05-02T18:33:50 EEST" name="Dex-Trade - Pixel perfect regression" finished-at="2023-05-02T18:34:12 EEST" duration-ms="22860">
      <class name="CreateAccount_Page.En.Full_Page">
        <test-method signature="mainCode(java.lang.String,java.lang.String,java.lang.String)[pri:0, instance:CreateAccount_Page.En.Full_Page@175b9425]" started-at="2023-05-02T18:34:02 EEST" name="mainCode" finished-at="2023-05-02T18:34:12 EEST" duration-ms="10539" status="PASS">
          <params>
            <param index="0">
              <value>
                <![CDATA[Screenshots/Create_Account_page/EnChrome/Screenshots_Test_2_1/difference.png]]>
              </value>
            </param>
            <param index="1">
              <value>
                <![CDATA[Screenshots/Create_Account_page/EnChrome/Screenshots_Test_2_1/mock_screenshot.png]]>
              </value>
            </param>
            <param index="2">
              <value>
                <![CDATA[Screenshots/Create_Account_page/EnChrome/Screenshots_Test_2_1/real_life_screenshot.png]]>
              </value>
            </param>
          </params>
          <reporter-output>
          </reporter-output>
        </test-method> <!-- mainCode -->
      </class> <!-- CreateAccount_Page.En.Full_Page -->
      <class name="Main.TestNg">
        <test-method is-config="true" signature="setUp(java.lang.String)[pri:0, instance:Main.TestNg@399c4be1]" started-at="2023-05-02T18:33:50 EEST" name="setUp" finished-at="2023-05-02T18:33:54 EEST" duration-ms="4349" status="PASS">
          <params>
            <param index="0">
              <value>
                <![CDATA[Chrome]]>
              </value>
            </param>
          </params>
          <reporter-output>
          </reporter-output>
        </test-method> <!-- setUp -->
        <test-method signature="case_1(java.lang.String)[pri:0, instance:Main.TestNg@399c4be1]" started-at="2023-05-02T18:33:54 EEST" name="case_1" finished-at="2023-05-02T18:34:02 EEST" duration-ms="7889" status="PASS">
          <params>
            <param index="0">
              <value>
                <![CDATA[https://dex-trade.com]]>
              </value>
            </param>
          </params>
          <reporter-output>
          </reporter-output>
        </test-method> <!-- case_1 -->
      </class> <!-- Main.TestNg -->
    </test> <!-- Dex-Trade - Pixel perfect regression -->
  </suite> <!-- WPT -->
</testng-results>
